[0.018s] Invoking command in '/home/sameer/cpp_files/ros2_cpp/src/cpp_pubsub/build/cpp_pubsub': CMAKE_PREFIX_PATH=/home/sameer/ros2_ws/install/my_robot_controller:/opt/ros/humble /usr/bin/cmake --build /home/sameer/cpp_files/ros2_cpp/src/cpp_pubsub/build/cpp_pubsub -- -j4 -l4
[0.117s] [ 22%] Built target gtest_main
[0.118s] [ 44%] Built target gtest
[0.175s] [ 55%] [32mBuilding CXX object CMakeFiles/pubsub_test.dir/test/pubsub_test.cpp.o[0m
[6.517s] [ 66%] [32m[1mLinking CXX executable pubsub_test[0m
[8.296s] [100%] Built target pubsub_test
[8.317s] Invoked command in '/home/sameer/cpp_files/ros2_cpp/src/cpp_pubsub/build/cpp_pubsub' returned '0': CMAKE_PREFIX_PATH=/home/sameer/ros2_ws/install/my_robot_controller:/opt/ros/humble /usr/bin/cmake --build /home/sameer/cpp_files/ros2_cpp/src/cpp_pubsub/build/cpp_pubsub -- -j4 -l4
[8.399s] Invoking command in '/home/sameer/cpp_files/ros2_cpp/src/cpp_pubsub/build/cpp_pubsub': CMAKE_PREFIX_PATH=/home/sameer/ros2_ws/install/my_robot_controller:/opt/ros/humble /usr/bin/cmake --install /home/sameer/cpp_files/ros2_cpp/src/cpp_pubsub/build/cpp_pubsub
[8.413s] -- Install configuration: ""
[8.413s] -- Up-to-date: /home/sameer/cpp_files/ros2_cpp/src/cpp_pubsub/install/cpp_pubsub/include/cpp_pubsub
[8.414s] -- Up-to-date: /home/sameer/cpp_files/ros2_cpp/src/cpp_pubsub/install/cpp_pubsub/include/cpp_pubsub/publisher_member_function.hpp
[8.414s] -- Up-to-date: /home/sameer/cpp_files/ros2_cpp/src/cpp_pubsub/install/cpp_pubsub/include/cpp_pubsub/single_thread_spinner.hpp
[8.414s] -- Up-to-date: /home/sameer/cpp_files/ros2_cpp/src/cpp_pubsub/install/cpp_pubsub/include/cpp_pubsub/subscriber_member_function.hpp
[8.414s] -- Installing: /home/sameer/cpp_files/ros2_cpp/src/cpp_pubsub/install/cpp_pubsub/lib/cpp_pubsub/pubsub_test
[8.453s] -- Set runtime path of "/home/sameer/cpp_files/ros2_cpp/src/cpp_pubsub/install/cpp_pubsub/lib/cpp_pubsub/pubsub_test" to ""
[8.454s] -- Up-to-date: /home/sameer/cpp_files/ros2_cpp/src/cpp_pubsub/install/cpp_pubsub/share/ament_index/resource_index/package_run_dependencies/cpp_pubsub
[8.454s] -- Up-to-date: /home/sameer/cpp_files/ros2_cpp/src/cpp_pubsub/install/cpp_pubsub/share/ament_index/resource_index/parent_prefix_path/cpp_pubsub
[8.454s] -- Up-to-date: /home/sameer/cpp_files/ros2_cpp/src/cpp_pubsub/install/cpp_pubsub/share/cpp_pubsub/environment/ament_prefix_path.sh
[8.455s] -- Up-to-date: /home/sameer/cpp_files/ros2_cpp/src/cpp_pubsub/install/cpp_pubsub/share/cpp_pubsub/environment/ament_prefix_path.dsv
[8.455s] -- Up-to-date: /home/sameer/cpp_files/ros2_cpp/src/cpp_pubsub/install/cpp_pubsub/share/cpp_pubsub/environment/path.sh
[8.455s] -- Up-to-date: /home/sameer/cpp_files/ros2_cpp/src/cpp_pubsub/install/cpp_pubsub/share/cpp_pubsub/environment/path.dsv
[8.455s] -- Up-to-date: /home/sameer/cpp_files/ros2_cpp/src/cpp_pubsub/install/cpp_pubsub/share/cpp_pubsub/local_setup.bash
[8.456s] -- Up-to-date: /home/sameer/cpp_files/ros2_cpp/src/cpp_pubsub/install/cpp_pubsub/share/cpp_pubsub/local_setup.sh
[8.456s] -- Up-to-date: /home/sameer/cpp_files/ros2_cpp/src/cpp_pubsub/install/cpp_pubsub/share/cpp_pubsub/local_setup.zsh
[8.456s] -- Up-to-date: /home/sameer/cpp_files/ros2_cpp/src/cpp_pubsub/install/cpp_pubsub/share/cpp_pubsub/local_setup.dsv
[8.456s] -- Installing: /home/sameer/cpp_files/ros2_cpp/src/cpp_pubsub/install/cpp_pubsub/share/cpp_pubsub/package.dsv
[8.456s] -- Up-to-date: /home/sameer/cpp_files/ros2_cpp/src/cpp_pubsub/install/cpp_pubsub/share/ament_index/resource_index/packages/cpp_pubsub
[8.457s] -- Up-to-date: /home/sameer/cpp_files/ros2_cpp/src/cpp_pubsub/install/cpp_pubsub/share/cpp_pubsub/cmake/cpp_pubsubConfig.cmake
[8.457s] -- Up-to-date: /home/sameer/cpp_files/ros2_cpp/src/cpp_pubsub/install/cpp_pubsub/share/cpp_pubsub/cmake/cpp_pubsubConfig-version.cmake
[8.457s] -- Up-to-date: /home/sameer/cpp_files/ros2_cpp/src/cpp_pubsub/install/cpp_pubsub/share/cpp_pubsub/package.xml
[8.460s] Invoked command in '/home/sameer/cpp_files/ros2_cpp/src/cpp_pubsub/build/cpp_pubsub' returned '0': CMAKE_PREFIX_PATH=/home/sameer/ros2_ws/install/my_robot_controller:/opt/ros/humble /usr/bin/cmake --install /home/sameer/cpp_files/ros2_cpp/src/cpp_pubsub/build/cpp_pubsub
