[0.186s] DEBUG:colcon:Command line arguments: ['/usr/bin/colcon', 'build', '--packages-select', 'cpp_pubsub']
[0.186s] DEBUG:colcon:Parsed command line arguments: Namespace(log_base=None, log_level=None, verb_name='build', build_base='build', install_base='install', merge_install=False, symlink_install=False, test_result_base=None, continue_on_error=False, executor='parallel', parallel_workers=4, event_handlers=None, ignore_user_meta=False, metas=['./colcon.meta'], base_paths=['.'], packages_ignore=None, packages_ignore_regex=None, paths=None, packages_up_to=None, packages_up_to_regex=None, packages_above=None, packages_above_and_dependencies=None, packages_above_depth=None, packages_select_by_dep=None, packages_skip_by_dep=None, packages_skip_up_to=None, packages_select_build_failed=False, packages_skip_build_finished=False, packages_select_test_failures=False, packages_skip_test_passed=False, packages_select=['cpp_pubsub'], packages_skip=None, packages_select_regex=None, packages_skip_regex=None, packages_start=None, packages_end=None, allow_overriding=[], cmake_args=None, cmake_target=None, cmake_target_skip_unavailable=False, cmake_clean_cache=False, cmake_clean_first=False, cmake_force_configure=False, ament_cmake_args=None, catkin_cmake_args=None, catkin_skip_building_tests=False, verb_parser=<colcon_defaults.argument_parser.defaults.DefaultArgumentsDecorator object at 0x7d06456445e0>, verb_extension=<colcon_core.verb.build.BuildVerb object at 0x7d0645607e20>, main=<bound method BuildVerb.main of <colcon_core.verb.build.BuildVerb object at 0x7d0645607e20>>)
[0.536s] Level 1:colcon.colcon_core.package_discovery:discover_packages(colcon_meta) check parameters
[0.537s] Level 1:colcon.colcon_core.package_discovery:discover_packages(recursive) check parameters
[0.537s] Level 1:colcon.colcon_core.package_discovery:discover_packages(ignore) check parameters
[0.537s] Level 1:colcon.colcon_core.package_discovery:discover_packages(path) check parameters
[0.537s] Level 1:colcon.colcon_core.package_discovery:discover_packages(colcon_meta) discover
[0.537s] Level 1:colcon.colcon_core.package_discovery:discover_packages(recursive) discover
[0.537s] INFO:colcon.colcon_core.package_discovery:Crawling recursively for packages in '/home/sameer/cpp_files/ros2_cpp/src/cpp_pubsub'
[0.537s] Level 1:colcon.colcon_core.package_identification:_identify(.) by extensions ['ignore', 'ignore_ament_install']
[0.537s] Level 1:colcon.colcon_core.package_identification:_identify(.) by extension 'ignore'
[0.537s] Level 1:colcon.colcon_core.package_identification:_identify(.) by extension 'ignore_ament_install'
[0.538s] Level 1:colcon.colcon_core.package_identification:_identify(.) by extensions ['colcon_pkg']
[0.538s] Level 1:colcon.colcon_core.package_identification:_identify(.) by extension 'colcon_pkg'
[0.538s] Level 1:colcon.colcon_core.package_identification:_identify(.) by extensions ['colcon_meta']
[0.538s] Level 1:colcon.colcon_core.package_identification:_identify(.) by extension 'colcon_meta'
[0.538s] Level 1:colcon.colcon_core.package_identification:_identify(.) by extensions ['ros']
[0.538s] Level 1:colcon.colcon_core.package_identification:_identify(.) by extension 'ros'
[0.573s] DEBUG:colcon.colcon_core.package_identification:Package '.' with type 'ros.ament_cmake' and name 'cpp_pubsub'
[0.573s] Level 1:colcon.colcon_core.package_discovery:discover_packages(recursive) using defaults
[0.573s] Level 1:colcon.colcon_core.package_discovery:discover_packages(ignore) discover
[0.573s] Level 1:colcon.colcon_core.package_discovery:discover_packages(ignore) using defaults
[0.573s] Level 1:colcon.colcon_core.package_discovery:discover_packages(path) discover
[0.573s] Level 1:colcon.colcon_core.package_discovery:discover_packages(path) using defaults
[0.606s] Level 1:colcon.colcon_core.package_discovery:discover_packages(prefix_path) check parameters
[0.606s] Level 1:colcon.colcon_core.package_discovery:discover_packages(prefix_path) discover
[0.609s] DEBUG:colcon.colcon_installed_package_information.package_discovery:Found 1 installed packages in /home/sameer/ros2_ws/install
[0.612s] DEBUG:colcon.colcon_installed_package_information.package_discovery:Found 270 installed packages in /opt/ros/humble
[0.615s] Level 1:colcon.colcon_core.package_discovery:discover_packages(prefix_path) using defaults
[0.679s] Level 5:colcon.colcon_core.verb:set package 'cpp_pubsub' build argument 'cmake_args' from command line to 'None'
[0.679s] Level 5:colcon.colcon_core.verb:set package 'cpp_pubsub' build argument 'cmake_target' from command line to 'None'
[0.680s] Level 5:colcon.colcon_core.verb:set package 'cpp_pubsub' build argument 'cmake_target_skip_unavailable' from command line to 'False'
[0.680s] Level 5:colcon.colcon_core.verb:set package 'cpp_pubsub' build argument 'cmake_clean_cache' from command line to 'False'
[0.680s] Level 5:colcon.colcon_core.verb:set package 'cpp_pubsub' build argument 'cmake_clean_first' from command line to 'False'
[0.680s] Level 5:colcon.colcon_core.verb:set package 'cpp_pubsub' build argument 'cmake_force_configure' from command line to 'False'
[0.680s] Level 5:colcon.colcon_core.verb:set package 'cpp_pubsub' build argument 'ament_cmake_args' from command line to 'None'
[0.680s] Level 5:colcon.colcon_core.verb:set package 'cpp_pubsub' build argument 'catkin_cmake_args' from command line to 'None'
[0.680s] Level 5:colcon.colcon_core.verb:set package 'cpp_pubsub' build argument 'catkin_skip_building_tests' from command line to 'False'
[0.680s] DEBUG:colcon.colcon_core.verb:Building package 'cpp_pubsub' with the following arguments: {'ament_cmake_args': None, 'build_base': '/home/sameer/cpp_files/ros2_cpp/src/cpp_pubsub/build/cpp_pubsub', 'catkin_cmake_args': None, 'catkin_skip_building_tests': False, 'cmake_args': None, 'cmake_clean_cache': False, 'cmake_clean_first': False, 'cmake_force_configure': False, 'cmake_target': None, 'cmake_target_skip_unavailable': False, 'install_base': '/home/sameer/cpp_files/ros2_cpp/src/cpp_pubsub/install/cpp_pubsub', 'merge_install': False, 'path': '/home/sameer/cpp_files/ros2_cpp/src/cpp_pubsub', 'symlink_install': False, 'test_result_base': None}
[0.680s] INFO:colcon.colcon_core.executor:Executing jobs using 'parallel' executor
[0.682s] DEBUG:colcon.colcon_parallel_executor.executor.parallel:run_until_complete
[0.682s] INFO:colcon.colcon_ros.task.ament_cmake.build:Building ROS package in '/home/sameer/cpp_files/ros2_cpp/src/cpp_pubsub' with build type 'ament_cmake'
[0.682s] INFO:colcon.colcon_cmake.task.cmake.build:Building CMake package in '/home/sameer/cpp_files/ros2_cpp/src/cpp_pubsub'
[0.686s] INFO:colcon.colcon_core.plugin_system:Skipping extension 'colcon_core.shell.bat': Not used on non-Windows systems
[0.686s] INFO:colcon.colcon_core.shell:Skip shell extension 'powershell' for command environment: Not usable outside of PowerShell
[0.686s] DEBUG:colcon.colcon_core.shell:Skip shell extension 'dsv' for command environment
[0.702s] DEBUG:colcon.colcon_core.event_handler.log_command:Invoking command in '/home/sameer/cpp_files/ros2_cpp/src/cpp_pubsub/build/cpp_pubsub': CMAKE_PREFIX_PATH=/home/sameer/ros2_ws/install/my_robot_controller:/opt/ros/humble /usr/bin/cmake --build /home/sameer/cpp_files/ros2_cpp/src/cpp_pubsub/build/cpp_pubsub -- -j4 -l4
[8.065s] DEBUG:colcon.colcon_core.event_handler.log_command:Invoked command in '/home/sameer/cpp_files/ros2_cpp/src/cpp_pubsub/build/cpp_pubsub' returned '0': CMAKE_PREFIX_PATH=/home/sameer/ros2_ws/install/my_robot_controller:/opt/ros/humble /usr/bin/cmake --build /home/sameer/cpp_files/ros2_cpp/src/cpp_pubsub/build/cpp_pubsub -- -j4 -l4
[8.147s] DEBUG:colcon.colcon_core.event_handler.log_command:Invoking command in '/home/sameer/cpp_files/ros2_cpp/src/cpp_pubsub/build/cpp_pubsub': CMAKE_PREFIX_PATH=/home/sameer/ros2_ws/install/my_robot_controller:/opt/ros/humble /usr/bin/cmake --install /home/sameer/cpp_files/ros2_cpp/src/cpp_pubsub/build/cpp_pubsub
[8.178s] Level 1:colcon.colcon_core.environment:create_environment_scripts_only(cpp_pubsub)
[8.179s] DEBUG:colcon.colcon_core.event_handler.log_command:Invoked command in '/home/sameer/cpp_files/ros2_cpp/src/cpp_pubsub/build/cpp_pubsub' returned '0': CMAKE_PREFIX_PATH=/home/sameer/ros2_ws/install/my_robot_controller:/opt/ros/humble /usr/bin/cmake --install /home/sameer/cpp_files/ros2_cpp/src/cpp_pubsub/build/cpp_pubsub
[8.183s] Level 1:colcon.colcon_core.environment:checking '/home/sameer/cpp_files/ros2_cpp/src/cpp_pubsub/install/cpp_pubsub' for CMake module files
[8.183s] Level 1:colcon.colcon_core.environment:checking '/home/sameer/cpp_files/ros2_cpp/src/cpp_pubsub/install/cpp_pubsub' for CMake config files
[8.184s] Level 1:colcon.colcon_core.shell:create_environment_hook('cpp_pubsub', 'cmake_prefix_path')
[8.184s] INFO:colcon.colcon_core.shell:Creating environment hook '/home/sameer/cpp_files/ros2_cpp/src/cpp_pubsub/install/cpp_pubsub/share/cpp_pubsub/hook/cmake_prefix_path.ps1'
[8.185s] INFO:colcon.colcon_core.shell:Creating environment descriptor '/home/sameer/cpp_files/ros2_cpp/src/cpp_pubsub/install/cpp_pubsub/share/cpp_pubsub/hook/cmake_prefix_path.dsv'
[8.186s] INFO:colcon.colcon_core.shell:Creating environment hook '/home/sameer/cpp_files/ros2_cpp/src/cpp_pubsub/install/cpp_pubsub/share/cpp_pubsub/hook/cmake_prefix_path.sh'
[8.187s] Level 1:colcon.colcon_core.environment:checking '/home/sameer/cpp_files/ros2_cpp/src/cpp_pubsub/install/cpp_pubsub/lib'
[8.188s] Level 1:colcon.colcon_core.environment:checking '/home/sameer/cpp_files/ros2_cpp/src/cpp_pubsub/install/cpp_pubsub/bin'
[8.188s] Level 1:colcon.colcon_core.environment:checking '/home/sameer/cpp_files/ros2_cpp/src/cpp_pubsub/install/cpp_pubsub/lib/pkgconfig/cpp_pubsub.pc'
[8.188s] Level 1:colcon.colcon_core.environment:checking '/home/sameer/cpp_files/ros2_cpp/src/cpp_pubsub/install/cpp_pubsub/lib/python3.10/site-packages'
[8.188s] Level 1:colcon.colcon_core.environment:checking '/home/sameer/cpp_files/ros2_cpp/src/cpp_pubsub/install/cpp_pubsub/bin'
[8.189s] INFO:colcon.colcon_core.shell:Creating package script '/home/sameer/cpp_files/ros2_cpp/src/cpp_pubsub/install/cpp_pubsub/share/cpp_pubsub/package.ps1'
[8.190s] INFO:colcon.colcon_core.shell:Creating package descriptor '/home/sameer/cpp_files/ros2_cpp/src/cpp_pubsub/install/cpp_pubsub/share/cpp_pubsub/package.dsv'
[8.191s] INFO:colcon.colcon_core.shell:Creating package script '/home/sameer/cpp_files/ros2_cpp/src/cpp_pubsub/install/cpp_pubsub/share/cpp_pubsub/package.sh'
[8.192s] INFO:colcon.colcon_core.shell:Creating package script '/home/sameer/cpp_files/ros2_cpp/src/cpp_pubsub/install/cpp_pubsub/share/cpp_pubsub/package.bash'
[8.193s] INFO:colcon.colcon_core.shell:Creating package script '/home/sameer/cpp_files/ros2_cpp/src/cpp_pubsub/install/cpp_pubsub/share/cpp_pubsub/package.zsh'
[8.194s] Level 1:colcon.colcon_core.environment:create_file_with_runtime_dependencies(/home/sameer/cpp_files/ros2_cpp/src/cpp_pubsub/install/cpp_pubsub/share/colcon-core/packages/cpp_pubsub)
[8.261s] Level 1:colcon.colcon_core.environment:create_environment_scripts_only(cpp_pubsub)
[8.261s] Level 1:colcon.colcon_core.environment:checking '/home/sameer/cpp_files/ros2_cpp/src/cpp_pubsub/install/cpp_pubsub' for CMake module files
[8.262s] Level 1:colcon.colcon_core.environment:checking '/home/sameer/cpp_files/ros2_cpp/src/cpp_pubsub/install/cpp_pubsub' for CMake config files
[8.263s] Level 1:colcon.colcon_core.shell:create_environment_hook('cpp_pubsub', 'cmake_prefix_path')
[8.263s] INFO:colcon.colcon_core.shell:Creating environment hook '/home/sameer/cpp_files/ros2_cpp/src/cpp_pubsub/install/cpp_pubsub/share/cpp_pubsub/hook/cmake_prefix_path.ps1'
[8.264s] INFO:colcon.colcon_core.shell:Creating environment descriptor '/home/sameer/cpp_files/ros2_cpp/src/cpp_pubsub/install/cpp_pubsub/share/cpp_pubsub/hook/cmake_prefix_path.dsv'
[8.264s] INFO:colcon.colcon_core.shell:Creating environment hook '/home/sameer/cpp_files/ros2_cpp/src/cpp_pubsub/install/cpp_pubsub/share/cpp_pubsub/hook/cmake_prefix_path.sh'
[8.265s] Level 1:colcon.colcon_core.environment:checking '/home/sameer/cpp_files/ros2_cpp/src/cpp_pubsub/install/cpp_pubsub/lib'
[8.265s] Level 1:colcon.colcon_core.environment:checking '/home/sameer/cpp_files/ros2_cpp/src/cpp_pubsub/install/cpp_pubsub/bin'
[8.265s] Level 1:colcon.colcon_core.environment:checking '/home/sameer/cpp_files/ros2_cpp/src/cpp_pubsub/install/cpp_pubsub/lib/pkgconfig/cpp_pubsub.pc'
[8.266s] Level 1:colcon.colcon_core.environment:checking '/home/sameer/cpp_files/ros2_cpp/src/cpp_pubsub/install/cpp_pubsub/lib/python3.10/site-packages'
[8.266s] Level 1:colcon.colcon_core.environment:checking '/home/sameer/cpp_files/ros2_cpp/src/cpp_pubsub/install/cpp_pubsub/bin'
[8.267s] INFO:colcon.colcon_core.shell:Creating package script '/home/sameer/cpp_files/ros2_cpp/src/cpp_pubsub/install/cpp_pubsub/share/cpp_pubsub/package.ps1'
[8.268s] INFO:colcon.colcon_core.shell:Creating package descriptor '/home/sameer/cpp_files/ros2_cpp/src/cpp_pubsub/install/cpp_pubsub/share/cpp_pubsub/package.dsv'
[8.268s] INFO:colcon.colcon_core.shell:Creating package script '/home/sameer/cpp_files/ros2_cpp/src/cpp_pubsub/install/cpp_pubsub/share/cpp_pubsub/package.sh'
[8.269s] INFO:colcon.colcon_core.shell:Creating package script '/home/sameer/cpp_files/ros2_cpp/src/cpp_pubsub/install/cpp_pubsub/share/cpp_pubsub/package.bash'
[8.269s] INFO:colcon.colcon_core.shell:Creating package script '/home/sameer/cpp_files/ros2_cpp/src/cpp_pubsub/install/cpp_pubsub/share/cpp_pubsub/package.zsh'
[8.270s] Level 1:colcon.colcon_core.environment:create_file_with_runtime_dependencies(/home/sameer/cpp_files/ros2_cpp/src/cpp_pubsub/install/cpp_pubsub/share/colcon-core/packages/cpp_pubsub)
[8.270s] DEBUG:colcon.colcon_parallel_executor.executor.parallel:closing loop
[8.271s] DEBUG:colcon.colcon_parallel_executor.executor.parallel:loop closed
[8.271s] DEBUG:colcon.colcon_parallel_executor.executor.parallel:run_until_complete finished with '0'
[8.271s] DEBUG:colcon.colcon_core.event_reactor:joining thread
[8.280s] INFO:colcon.colcon_core.plugin_system:Skipping extension 'colcon_notification.desktop_notification.terminal_notifier': Not used on non-Darwin systems
[8.280s] INFO:colcon.colcon_core.plugin_system:Skipping extension 'colcon_notification.desktop_notification.win32': Not used on non-Windows systems
[8.280s] INFO:colcon.colcon_notification.desktop_notification:Sending desktop notification using 'notify2'
[8.303s] DEBUG:colcon.colcon_core.event_reactor:joined thread
[8.304s] INFO:colcon.colcon_core.shell:Creating prefix script '/home/sameer/cpp_files/ros2_cpp/src/cpp_pubsub/install/local_setup.ps1'
[8.305s] INFO:colcon.colcon_core.shell:Creating prefix util module '/home/sameer/cpp_files/ros2_cpp/src/cpp_pubsub/install/_local_setup_util_ps1.py'
[8.307s] INFO:colcon.colcon_core.shell:Creating prefix chain script '/home/sameer/cpp_files/ros2_cpp/src/cpp_pubsub/install/setup.ps1'
[8.310s] INFO:colcon.colcon_core.shell:Creating prefix script '/home/sameer/cpp_files/ros2_cpp/src/cpp_pubsub/install/local_setup.sh'
[8.312s] INFO:colcon.colcon_core.shell:Creating prefix util module '/home/sameer/cpp_files/ros2_cpp/src/cpp_pubsub/install/_local_setup_util_sh.py'
[8.313s] INFO:colcon.colcon_core.shell:Creating prefix chain script '/home/sameer/cpp_files/ros2_cpp/src/cpp_pubsub/install/setup.sh'
[8.315s] INFO:colcon.colcon_core.shell:Creating prefix script '/home/sameer/cpp_files/ros2_cpp/src/cpp_pubsub/install/local_setup.bash'
[8.316s] INFO:colcon.colcon_core.shell:Creating prefix chain script '/home/sameer/cpp_files/ros2_cpp/src/cpp_pubsub/install/setup.bash'
[8.318s] INFO:colcon.colcon_core.shell:Creating prefix script '/home/sameer/cpp_files/ros2_cpp/src/cpp_pubsub/install/local_setup.zsh'
[8.319s] INFO:colcon.colcon_core.shell:Creating prefix chain script '/home/sameer/cpp_files/ros2_cpp/src/cpp_pubsub/install/setup.zsh'
